[2015/02/24 09:30:33]Login failed by user asd
[2015/02/24 10:26:34]User admin logged in
[2015/02/27 03:21:20]User Admin logged out
[2015/02/27 03:21:24]User admin logged in
[2015/03/02 12:19:17]User admin logged in
[2015/03/03 08:40:57]User admin logged in
[2015/03/03 10:45:02]User Admin logged out
[2015/03/03 01:03:06]User admin logged in
[2015/03/04 11:45:37]User Admin logged out
[2015/03/04 12:29:47]User admin logged in
[2015/03/04 12:40:25]User admin logged in
[2015/03/06 04:29:37]User admin logged in
[2015/03/06 06:25:14]User admin logged in
[2015/03/10 11:07:52]User Admin logged out
[2015/03/10 11:08:16]User admin logged in
[2015/03/10 12:05:32]User Admin logged out
[2015/03/10 12:05:35]User admin logged in
[2015/03/10 01:58:12]User Admin logged out
[2015/03/10 02:01:43]Account  has been created
[2015/03/10 02:01:52]Login failed by user Shariele
[2015/03/10 02:05:06]Login failed by user Shariele
[2015/03/10 02:13:22]Account Shariele has been created
[2015/03/10 02:17:22]User Shariele logged in
[2015/03/11 08:35:06]User Shariele logged out
[2015/03/11 08:35:08]User admin logged in
[2015/03/11 09:14:10]User admin logged in
[2015/03/11 10:40:05]User Admin logged out
[2015/03/11 10:40:47]User admin logged in
[2015/03/11 10:44:10]User Admin logged out
[2015/03/11 10:44:13]User admin logged in
[2015/03/11 10:44:40]User Admin logged out
[2015/03/11 10:44:42]User admin logged in
[2015/03/11 10:49:56]User Admin logged out
[2015/03/11 10:49:59]User admin logged in
[2015/03/11 10:51:46]User Admin logged out
[2015/03/11 10:54:25]User admin logged in
[2015/03/11 11:08:46]User Admin logged out
[2015/03/11 11:08:50]User admin logged in
[2015/03/11 11:09:23]User Admin logged out
[2015/03/11 11:54:38]User admin logged in
[2015/03/11 11:54:39]User Admin logged out
[2015/03/11 11:54:42]User admin logged in
[2015/03/13 01:08:32]User admin logged in
[2015/03/13 01:09:26]User admin logged in
[2015/03/30 02:06:18]User admin logged in
[2015/05/04 08:20:21]Login failed by user asd
[2015/05/04 08:20:25]User admin logged in
[2015/05/04 08:20:58]User Admin logged out
